2025-12-02 16:05:14 - root - INFO - ============================================================
2025-12-02 16:05:14 - root - INFO - Logging initialized
2025-12-02 16:05:14 - root - INFO - Log file: ./logs\20251202_160514\ubs_20251202_160514.log
2025-12-02 16:05:14 - root - INFO - Log level: DEBUG
2025-12-02 16:05:14 - root - INFO - Run timestamp: 20251202_160514
2025-12-02 16:05:14 - root - INFO - ============================================================
2025-12-02 16:05:14 - __main__ - INFO - 
Parsing PDF: downloads/20251202_152313/2024/Annual_Report_UBS_Group_2024.pdf
2025-12-02 16:05:14 - __main__ - INFO - Extracted year from filename: 2024
2025-12-02 16:05:14 - __main__ - INFO - Searching for Post-employment benefit plans section...
2025-12-02 16:06:54 - __main__ - INFO - Found benefit plans table on page 361
2025-12-02 16:06:54 - __main__ - INFO - Extracting table from page 361 using Camelot...
2025-12-02 16:06:55 - camelot - INFO - Processing page-361
2025-12-02 16:06:55 - __main__ - INFO - Extracted table: 33 rows x 9 columns
2025-12-02 16:06:55 - __main__ - INFO - Table accuracy: 99.73%
2025-12-02 16:06:55 - __main__ - INFO - Parsing Camelot table...
2025-12-02 16:06:55 - __main__ - DEBUG - Processing row 6: Equity securities
2025-12-02 16:06:55 - __main__ - DEBUG - Processing row 7: Domestic
2025-12-02 16:06:55 - __main__ - DEBUG - DOMESTICEQUITYSECURITIES: 0.0%
2025-12-02 16:06:55 - __main__ - DEBUG - Processing row 8: Foreign
2025-12-02 16:06:55 - __main__ - DEBUG - FOREIGNEQUITYSECURITIES: 3.0%
2025-12-02 16:06:55 - __main__ - DEBUG - Processing row 9: Bonds
2025-12-02 16:06:55 - __main__ - DEBUG - Processing row 10: Domestic, AAA to BBB–
2025-12-02 16:06:55 - __main__ - DEBUG - NONINVESTDOMESTICBONDS: 0.0%
2025-12-02 16:06:55 - __main__ - DEBUG - Processing row 11: Foreign, AAA to BBB–
2025-12-02 16:06:55 - __main__ - DEBUG - NONINVESTFOREIGNBONDSRATED: 0.0%
2025-12-02 16:06:55 - __main__ - DEBUG - Processing row 12: Real estate / property
2025-12-02 16:06:55 - __main__ - DEBUG - Processing row 13: Domestic
2025-12-02 16:06:55 - __main__ - DEBUG - DOMESTICREALESTATE: 11.0%
2025-12-02 16:06:55 - __main__ - DEBUG - Processing row 14: Foreign
2025-12-02 16:06:55 - __main__ - DEBUG - FOREIGNREALESTATE: 2.0%
2025-12-02 16:06:55 - __main__ - DEBUG - Processing row 15: Investment funds
2025-12-02 16:06:55 - __main__ - DEBUG - Processing row 16: Equity
2025-12-02 16:06:55 - __main__ - DEBUG - Processing row 17: Domestic
2025-12-02 16:06:55 - __main__ - DEBUG - Processing row 18: Foreign
2025-12-02 16:06:55 - __main__ - DEBUG - Processing row 19: Bonds1
2025-12-02 16:06:55 - __main__ - DEBUG - Processing row 20: Domestic, AAA to BBB–
2025-12-02 16:06:55 - __main__ - DEBUG - Processing row 21: Domestic, below BBB–
2025-12-02 16:06:55 - __main__ - DEBUG - Processing row 22: Foreign, AAA to BBB–
2025-12-02 16:06:55 - __main__ - DEBUG - Processing row 23: Foreign, below BBB–
2025-12-02 16:06:55 - __main__ - DEBUG - Processing row 24: Real estate
2025-12-02 16:06:55 - __main__ - DEBUG - Processing row 25: Domestic
2025-12-02 16:06:55 - __main__ - DEBUG - Processing row 26: Foreign
2025-12-02 16:06:55 - __main__ - DEBUG - Processing row 27: Other
2025-12-02 16:06:55 - __main__ - DEBUG - OTHER: 9.0%
2025-12-02 16:06:55 - __main__ - DEBUG - Processing row 28: Other investments
2025-12-02 16:06:55 - __main__ - DEBUG - Processing row 29: Total fair value of plan assets
2025-12-02 16:06:55 - __main__ - DEBUG - Processing row 31: Total fair value of plan assets
2025-12-02 16:06:55 - __main__ - DEBUG - Processing row 32: o
f
 
which: Investments in UBS instruments2
2025-12-02 16:06:55 - __main__ - INFO - Calculated aggregated percentages - Bonds: 0.0%, Equities: 3.0%, Real Estate: 13.0%
2025-12-02 16:06:55 - __main__ - WARNING - Percentage total: 25.0% (deviation: 75.0%)
2025-12-02 16:06:55 - __main__ - INFO - Successfully parsed 2024 - Total Assets: None, Asset Classes: 10
