2025-12-03 09:24:10 - root - INFO - ============================================================
2025-12-03 09:24:10 - root - INFO - Logging initialized
2025-12-03 09:24:10 - root - INFO - Log file: ./logs\20251203_092404\ubs_20251203_092404.log
2025-12-03 09:24:10 - root - INFO - Log level: DEBUG
2025-12-03 09:24:10 - root - INFO - Run timestamp: 20251203_092404
2025-12-03 09:24:10 - root - INFO - ============================================================
2025-12-03 09:24:13 - scraper - INFO - Chrome driver initialized
2025-12-03 09:24:13 - scraper - INFO - Download directory: C:\Users\Mark Castro\Documents\CHEF_UBS_Runbook\downloads\20251203_092404
2025-12-03 09:24:13 - scraper - INFO - Navigating to https://www.ubs.com/global/en/investor-relations/financial-information/annual-reporting.html
2025-12-03 09:24:21 - scraper - INFO - Page loaded successfully
2025-12-03 09:24:21 - scraper - INFO - Handling cookie consent...
2025-12-03 09:24:21 - scraper - INFO - Cookie consent dialog found
2025-12-03 09:24:23 - scraper - INFO - Cookie consent accepted
2025-12-03 09:24:23 - scraper - INFO - Scrolling to Reporting Suite section...
2025-12-03 09:24:25 - scraper - INFO - Scrolled to Reporting Suite section
2025-12-03 09:24:25 - scraper - INFO - Looking for UBS Group Annual Report link...
2025-12-03 09:24:27 - scraper - INFO - Found section: Annual Report highlights
2025-12-03 09:24:27 - scraper - INFO - Found section: Annual Report highlights
2025-12-03 09:24:27 - scraper - INFO - Found section: Annual Report 2024
2025-12-03 09:24:27 - scraper - INFO - Found UBS Group report: Annual Report 2024 – UBS Group
2025-12-03 09:24:27 - scraper - INFO - Navigating to digital report: https://secure.ubs.com/minisites/group-functions/investor-relations/annual-report/2024/digital-ar24-group/digital-ar24-group/index.html
2025-12-03 09:24:38 - scraper - INFO - Digital report page loaded
2025-12-03 09:24:38 - scraper - INFO - Looking for PDF download button...
2025-12-03 09:24:38 - scraper - INFO - Found navbar download button: https://www.ubs.com/content/dam/assets/cc/investor-relations/annual-report/2024/annual-report-ubs-group-2024.pdf
2025-12-03 09:24:38 - scraper - INFO - Downloading PDF for 2024...
2025-12-03 09:24:38 - scraper - INFO - Downloading from: https://www.ubs.com/content/dam/assets/cc/investor-relations/annual-report/2024/annual-report-ubs-group-2024.pdf
2025-12-03 09:24:40 - scraper - INFO - Downloaded: 2024 - 8840656 bytes
2025-12-03 09:24:43 - scraper - INFO - Browser closed
2025-12-03 09:24:43 - __main__ - INFO - Downloaded 1 reports
2025-12-03 09:24:43 - __main__ - INFO - Parsing report for year 2024: C:\Users\Mark Castro\Documents\CHEF_UBS_Runbook\downloads\20251203_092404\2024\Annual_Report_UBS_Group_2024.pdf
2025-12-03 09:24:43 - parser - INFO - 
Parsing PDF: C:\Users\Mark Castro\Documents\CHEF_UBS_Runbook\downloads\20251203_092404\2024\Annual_Report_UBS_Group_2024.pdf
2025-12-03 09:24:43 - parser - INFO - Extracted year from filename: 2024
2025-12-03 09:24:43 - parser - INFO - Searching for Post-employment benefit plans section...
2025-12-03 09:26:40 - parser - INFO - Found benefit plans table on page 361
2025-12-03 09:26:40 - parser - INFO - Extracting table from page 361 using Camelot...
2025-12-03 09:26:42 - camelot - INFO - Processing page-361
2025-12-03 09:26:42 - parser - INFO - Extracted table: 33 rows x 9 columns
2025-12-03 09:26:42 - parser - INFO - Table accuracy: 99.73%
2025-12-03 09:26:42 - parser - INFO - Parsing Camelot table...
2025-12-03 09:26:42 - parser - DEBUG - Processing row 5: Cash and cash equivalents
2025-12-03 09:26:42 - parser - DEBUG - CASH: 2.0%
2025-12-03 09:26:42 - parser - DEBUG - Processing row 6: Equity securities
2025-12-03 09:26:42 - parser - DEBUG - Processing row 7: Domestic
2025-12-03 09:26:42 - parser - DEBUG - DOMESTICEQUITYSECURITIES: 0.0%
2025-12-03 09:26:42 - parser - DEBUG - Processing row 8: Foreign
2025-12-03 09:26:42 - parser - DEBUG - FOREIGNEQUITYSECURITIES: 3.0%
2025-12-03 09:26:42 - parser - DEBUG - Processing row 9: Bonds
2025-12-03 09:26:42 - parser - DEBUG - Processing row 10: Domestic, AAA to BBB–
2025-12-03 09:26:42 - parser - DEBUG - NONINVESTDOMESTICBONDS: 0.0%
2025-12-03 09:26:42 - parser - DEBUG - Processing row 11: Foreign, AAA to BBB–
2025-12-03 09:26:42 - parser - DEBUG - NONINVESTFOREIGNBONDSRATED: 0.0%
2025-12-03 09:26:42 - parser - DEBUG - Processing row 12: Real estate / property
2025-12-03 09:26:42 - parser - DEBUG - Processing row 13: Domestic
2025-12-03 09:26:42 - parser - DEBUG - DOMESTICREALESTATE: 11.0%
2025-12-03 09:26:42 - parser - DEBUG - Processing row 14: Foreign
2025-12-03 09:26:42 - parser - DEBUG - FOREIGNREALESTATE: 2.0%
2025-12-03 09:26:42 - parser - DEBUG - Processing row 15: Investment funds
2025-12-03 09:26:42 - parser - DEBUG - Processing row 16: Equity
2025-12-03 09:26:42 - parser - DEBUG - Processing row 17: Domestic
2025-12-03 09:26:42 - parser - DEBUG - DOMESTICEQUITIES: 2.0%
2025-12-03 09:26:42 - parser - DEBUG - Processing row 18: Foreign
2025-12-03 09:26:42 - parser - DEBUG - FOREIGNEQUITIES: 20.0%
2025-12-03 09:26:42 - parser - DEBUG - Processing row 19: Bonds1
2025-12-03 09:26:42 - parser - DEBUG - Processing row 20: Domestic, AAA to BBB–
2025-12-03 09:26:42 - parser - DEBUG - DOMESTICBONDS: 13.0%
2025-12-03 09:26:42 - parser - DEBUG - Processing row 21: Domestic, below BBB–
2025-12-03 09:26:42 - parser - DEBUG - DOMESTICBONDSJUNK: 0.0%
2025-12-03 09:26:42 - parser - DEBUG - Processing row 22: Foreign, AAA to BBB–
2025-12-03 09:26:42 - parser - DEBUG - FOREIGNBONDSRATED: 25.0%
2025-12-03 09:26:42 - parser - DEBUG - Processing row 23: Foreign, below BBB–
2025-12-03 09:26:42 - parser - DEBUG - FOREIGNBONDSJUNK: 3.0%
2025-12-03 09:26:42 - parser - DEBUG - Processing row 24: Real estate
2025-12-03 09:26:42 - parser - DEBUG - Processing row 25: Domestic
2025-12-03 09:26:42 - parser - DEBUG - DOMESTICREALESTATEINVESTMENTS: 4.0%
2025-12-03 09:26:42 - parser - DEBUG - Processing row 26: Foreign
2025-12-03 09:26:42 - parser - DEBUG - FOREIGNREALESTATEINVESTMENTS: 1.0%
2025-12-03 09:26:42 - parser - DEBUG - Processing row 27: Other
2025-12-03 09:26:42 - parser - DEBUG - OTHER: 9.0%
2025-12-03 09:26:42 - parser - DEBUG - Processing row 28: Other investments
2025-12-03 09:26:42 - parser - DEBUG - Found 'Other investments', percentage_raw='4', percentage=4.0
2025-12-03 09:26:42 - parser - DEBUG - OTHERINVESTMENTS: 4.0%
2025-12-03 09:26:42 - parser - DEBUG - Processing row 29: Total fair value of plan assets
2025-12-03 09:26:42 - parser - DEBUG - Found 'Total fair value', total_raw='52,241', total_value=52241.0
2025-12-03 09:26:42 - parser - INFO - Total assets: 52241.0 USD millions
2025-12-03 09:26:42 - parser - DEBUG - Processing row 31: Total fair value of plan assets
2025-12-03 09:26:42 - parser - DEBUG - Found 'Total fair value', total_raw='52,241', total_value=52241.0
2025-12-03 09:26:42 - parser - INFO - Total assets: 52241.0 USD millions
2025-12-03 09:26:42 - parser - DEBUG - Processing row 32: o
f
 
which: Investments in UBS instruments2
2025-12-03 09:26:42 - parser - INFO - Calculated aggregated percentages - Bonds: 41.0%, Equities: 25.0%, Real Estate: 18.0%
2025-12-03 09:26:42 - parser - INFO - Percentage validation passed: 99.0%
2025-12-03 09:26:42 - parser - INFO - Successfully parsed 2024 - Total Assets: 52241.0, Asset Classes: 20
2025-12-03 09:26:42 - __main__ - INFO - Successfully parsed 2024 report
2025-12-03 09:26:42 - __main__ - INFO - Successfully parsed 1 reports
2025-12-03 09:26:42 - file_generator - INFO - Creating DATA file with 1 records
2025-12-03 09:26:42 - file_generator - INFO - DATA file saved: ./output\20251203_092404\CHEF_UBS_DATA_20251203_092404.xls
2025-12-03 09:26:42 - file_generator - INFO - Creating META file
2025-12-03 09:26:42 - file_generator - INFO - META file saved: ./output\20251203_092404\CHEF_UBS_META_20251203_092404.xls
2025-12-03 09:26:42 - file_generator - INFO - Creating ZIP file: ./output\20251203_092404\CHEF_UBS_20251203_092404.zip
2025-12-03 09:26:42 - file_generator - INFO - ZIP file created: ./output\20251203_092404\CHEF_UBS_20251203_092404.zip
2025-12-03 09:26:42 - file_generator - INFO - Files also copied to 'latest' folder
2025-12-03 09:26:42 - __main__ - INFO - Orchestrator completed successfully
