2025-12-03 15:05:53 - root - INFO - ============================================================
2025-12-03 15:05:53 - root - INFO - Logging initialized
2025-12-03 15:05:53 - root - INFO - Log file: ./logs\20251203_150553\ubs_20251203_150553.log
2025-12-03 15:05:53 - root - INFO - Log level: DEBUG
2025-12-03 15:05:53 - root - INFO - Run timestamp: 20251203_150553
2025-12-03 15:05:53 - root - INFO - ============================================================
2025-12-03 15:05:53 - __main__ - INFO - 
Parsing PDF: Project_information/annual-report-ubs-group-2023.pdf
2025-12-03 15:05:53 - __main__ - INFO - Extracted year from filename: 2023
2025-12-03 15:05:53 - __main__ - INFO - Searching for Post-employment benefit plans section...
2025-12-03 15:05:54 - __main__ - INFO - Total pages: 430, searching backwards from end...
2025-12-03 15:06:12 - __main__ - INFO - Found benefit plans table on page 393
2025-12-03 15:06:12 - __main__ - INFO - Extracting table from page 393 using Camelot...
2025-12-03 15:06:15 - camelot - INFO - Processing page-393
2025-12-03 15:06:15 - __main__ - INFO - Extracted table: 27 rows x 9 columns
2025-12-03 15:06:15 - __main__ - INFO - Table accuracy: 99.08%
2025-12-03 15:06:15 - __main__ - INFO - Saved extracted table to: extracted\20251203_150553\2023\benefit_plans_table_2023.csv
2025-12-03 15:06:15 - __main__ - INFO - Saved extraction metadata to: extracted\20251203_150553\2023\extraction_metadata_2023.json
2025-12-03 15:06:15 - __main__ - INFO - Searching for date columns...
2025-12-03 15:06:15 - __main__ - ERROR - Could not find date columns
